Change Component Comment : Designator=GPS Old Comment=GPS New Comment=GPS*
Change Component Designator: OldDesignator=GPS NewDesignator=GPS*
Change Component Designator: OldDesignator=U? NewDesignator=PiPico
Added Component: Designator=BMP280*(BMP280_BreakoutBoard)
Added Component: Designator=BNO055*(BNO055_BreakoutBoard)
Added Component: Designator=INA260*(INA260_Breakout)
Added Component: Designator=Q1(DIOD-TO92-3)
Add component (AddParameter): Name = "Case/Package"; Value = "TO-226-3"; VariantName = "[No Variations]"
Add component (AddParameter): Name = "Datasheet URL"; Value = "http://www.diodes.com/_files/datasheets/ZVP3306A.pdf"; VariantName = "[No Variations]"
Add component (AddParameter): Name = "Datasheet Version"; Value = "Rev. 2, 03/1994"; VariantName = "[No Variations]"
Add component (AddParameter): Name = "Elements"; Value = "1"; VariantName = "[No Variations]"
Add component (AddParameter): Name = "Frequency"; Value = ""; VariantName = "[No Variations]"
Add component (AddParameter): Name = "Input Capacitance"; Value = "50pF"; VariantName = "[No Variations]"
Add component (AddParameter): Name = "Manufacturer"; Value = "Diodes Inc"; VariantName = "[No Variations]"
Add component (AddParameter): Name = "Max Operating Temperature"; Value = "150°C"; VariantName = "[No Variations]"
Add component (AddParameter): Name = "Min Operating Temperature"; Value = "-55°C"; VariantName = "[No Variations]"
Add component (AddParameter): Name = "Mounting Technology"; Value = "TH"; VariantName = "[No Variations]"
Add component (AddParameter): Name = "Nominal Dual Supply"; Value = ""; VariantName = "[No Variations]"
Add component (AddParameter): Name = "Nominal Dual Supply Voltage"; Value = "-60V"; VariantName = "[No Variations]"
Add component (AddParameter): Name = "Nominal Vgs"; Value = "-3.5V"; VariantName = "[No Variations]"
Add component (AddParameter): Name = "Package Description"; Value = "3-Pin Transistor Outline Package, Body Dia 4.57 mm, Pitch 1.27 mm"; VariantName = "[No Variations]"
Add component (AddParameter): Name = "Package Quantity"; Value = "4000"; VariantName = "[No Variations]"
Add component (AddParameter): Name = "Package Reference"; Value = "TO92-3"; VariantName = "[No Variations]"
Add component (AddParameter): Name = "Packaging"; Value = "Bulk"; VariantName = "[No Variations]"
Add component (AddParameter): Name = "Pins"; Value = "3"; VariantName = "[No Variations]"
Add component (AddParameter): Name = "Power"; Value = "625mW"; VariantName = "[No Variations]"
Add component (AddParameter): Name = "Rds On Max"; Value = "14Ohm"; VariantName = "[No Variations]"
Add component (AddParameter): Name = "RoHS Compliant"; Value = "True"; VariantName = "[No Variations]"
Add component (AddParameter): Name = "Transistor Type"; Value = ""; VariantName = "[No Variations]"
Add component (AddParameter): Name = "Typical Rise Time"; Value = "8ns"; VariantName = "[No Variations]"
Add component (AddParameter): Name = "Vgs (Max)"; Value = ""; VariantName = "[No Variations]"
Add component (AddParameter): Name = "Vgs(th) (Max) @ Id"; Value = ""; VariantName = "[No Variations]"
Added Component: Designator=Q?(DIOD-TO92-3)
Add component (AddParameter): Name = "Case/Package"; Value = "TO-226-3"; VariantName = "[No Variations]"
Add component (AddParameter): Name = "Datasheet URL"; Value = "http://www.diodes.com/_files/datasheets/ZVP3306A.pdf"; VariantName = "[No Variations]"
Add component (AddParameter): Name = "Datasheet Version"; Value = "Rev. 2, 03/1994"; VariantName = "[No Variations]"
Add component (AddParameter): Name = "Elements"; Value = "1"; VariantName = "[No Variations]"
Add component (AddParameter): Name = "Frequency"; Value = ""; VariantName = "[No Variations]"
Add component (AddParameter): Name = "Input Capacitance"; Value = "50pF"; VariantName = "[No Variations]"
Add component (AddParameter): Name = "Manufacturer"; Value = "Diodes Inc"; VariantName = "[No Variations]"
Add component (AddParameter): Name = "Max Operating Temperature"; Value = "150°C"; VariantName = "[No Variations]"
Add component (AddParameter): Name = "Min Operating Temperature"; Value = "-55°C"; VariantName = "[No Variations]"
Add component (AddParameter): Name = "Mounting Technology"; Value = "TH"; VariantName = "[No Variations]"
Add component (AddParameter): Name = "Nominal Dual Supply"; Value = ""; VariantName = "[No Variations]"
Add component (AddParameter): Name = "Nominal Dual Supply Voltage"; Value = "-60V"; VariantName = "[No Variations]"
Add component (AddParameter): Name = "Nominal Vgs"; Value = "-3.5V"; VariantName = "[No Variations]"
Add component (AddParameter): Name = "Package Description"; Value = "3-Pin Transistor Outline Package, Body Dia 4.57 mm, Pitch 1.27 mm"; VariantName = "[No Variations]"
Add component (AddParameter): Name = "Package Quantity"; Value = "4000"; VariantName = "[No Variations]"
Add component (AddParameter): Name = "Package Reference"; Value = "TO92-3"; VariantName = "[No Variations]"
Add component (AddParameter): Name = "Packaging"; Value = "Bulk"; VariantName = "[No Variations]"
Add component (AddParameter): Name = "Pins"; Value = "3"; VariantName = "[No Variations]"
Add component (AddParameter): Name = "Power"; Value = "625mW"; VariantName = "[No Variations]"
Add component (AddParameter): Name = "Rds On Max"; Value = "14Ohm"; VariantName = "[No Variations]"
Add component (AddParameter): Name = "RoHS Compliant"; Value = "True"; VariantName = "[No Variations]"
Add component (AddParameter): Name = "Transistor Type"; Value = ""; VariantName = "[No Variations]"
Add component (AddParameter): Name = "Typical Rise Time"; Value = "8ns"; VariantName = "[No Variations]"
Add component (AddParameter): Name = "Vgs (Max)"; Value = ""; VariantName = "[No Variations]"
Add component (AddParameter): Name = "Vgs(th) (Max) @ Id"; Value = ""; VariantName = "[No Variations]"
Added Component: Designator=U3V70F5*(U3V70F5)
Added Pin To Net: NetName=GND Pin=BMP280*-GND
Add Pin To Net: Unknown Pin: Pin BMP280*-SCK
Add Pin To Net: Unknown Pin: Pin BMP280*-SD1
Added Pin To Net: NetName=3V3 Pin=BMP280*-VIN
Added Pin To Net: NetName=GND Pin=BNO055*-GND
Added Pin To Net: NetName=3V3 Pin=BNO055*-VIN
Added Pin To Net: NetName=3V3 Pin=GPS*-VIN
Added Pin To Net: NetName=GND Pin=INA260*-GND
Added Pin To Net: NetName=3V3 Pin=INA260*-VCC
Added Pin To Net: NetName=GND Pin=INA260*-VIN-
Added Pin To Net: NetName=GND Pin=Q1-3
Added Pin To Net: NetName=GND Pin=Q?-3
Added Pin To Net: NetName=GND Pin=U3V70F5*-GND_IN
Added Pin To Net: NetName=GND Pin=U3V70F5*-GND_OUT
Added Pin To Net: NetName=+5 Pin=PiPico-39
Added Pin To Net: NetName=+5 Pin=U3V70F5*-VOUT_5V
Added Net: Name=+5
Added Pin To Net: NetName=BAT_3V7 Pin=INA260*-VIN+
Added Pin To Net: NetName=BAT_3V7 Pin=U3V70F5*-VIN
Added Net: Name=BAT_3V7
Added Pin To Net: NetName=GP12_TX Pin=GPS*-TX
Added Pin To Net: NetName=GP12_TX Pin=PiPico-16
Added Net: Name=GP12_TX
Added Pin To Net: NetName=GP13_RX Pin=GPS*-RX
Added Pin To Net: NetName=GP13_RX Pin=PiPico-17
Added Net: Name=GP13_RX
Added Pin To Net: NetName=GP16_SDA Pin=BNO055*-SDA
Added Pin To Net: NetName=GP16_SDA Pin=PiPico-21
Added Net: Name=GP16_SDA
Added Pin To Net: NetName=GP17_SCL Pin=BNO055*-SCL
Added Pin To Net: NetName=GP17_SCL Pin=PiPico-22
Added Net: Name=GP17_SCL
Added Pin To Net: NetName=GP20_SDA Pin=INA260*-SDA
Added Pin To Net: NetName=GP20_SDA Pin=PiPico-26
Added Net: Name=GP20_SDA
Added Pin To Net: NetName=GP21_SCL Pin=INA260*-SCL
Added Pin To Net: NetName=GP21_SCL Pin=PiPico-27
Added Net: Name=GP21_SCL
Added Member To Class: ClassName=CANSAT_Telemetry_schematic Member=Component BMP280* BMP280_BreakoutBoard*
Added Member To Class: ClassName=CANSAT_Telemetry_schematic Member=Component BNO055*
Added Member To Class: ClassName=CANSAT_Telemetry_schematic Member=Component INA260*
Added Member To Class: ClassName=CANSAT_Telemetry_schematic Member=Component Q1 ZVP3306A
Added Member To Class: ClassName=CANSAT_Telemetry_schematic Member=Component Q? ZVP3306A
Added Member To Class: ClassName=CANSAT_Telemetry_schematic Member=Component U3V70F5*
Added Rule: Name=Schematic Supply Nets
Added Rule: Name=Schematic Supply Nets_1
